This is XeTeX, Version 3.14159265-2.6-0.999992 (TeX Live 2020/W32TeX) (preloaded format=xelatex 2021.1.11)  25 MAR 2021 14:34
entering extended mode
 restricted \write18 enabled.
 %&-line parsing enabled.
**Guide-to-causal-mapping.tex
(./Guide-to-causal-mapping.tex
LaTeX2e <2020-10-01> patch level 4
L3 programming layer <2021-01-09> xparse <2020-03-03> (c:/Users/steve/AppData/R
oaming/TinyTeX/texmf-dist/tex/latex/base/book.cls
Document Class: book 2020/04/10 v1.4m Standard LaTeX document class
(c:/Users/steve/AppData/Roaming/TinyTeX/texmf-dist/tex/latex/base/bk10.clo
File: bk10.clo 2020/04/10 v1.4m Standard LaTeX file (size option)
)
\c@part=\count173
\c@chapter=\count174
\c@section=\count175
\c@subsection=\count176
\c@subsubsection=\count177
\c@paragraph=\count178
\c@subparagraph=\count179
\c@figure=\count180
\c@table=\count181
\abovecaptionskip=\skip47
\belowcaptionskip=\skip48
\bibindent=\dimen138
) (c:/Users/steve/AppData/Roaming/TinyTeX/texmf-dist/tex/latex/lm/lmodern.sty
Package: lmodern 2009/10/30 v1.6 Latin Modern Fonts
LaTeX Font Info:    Overwriting symbol font `operators' in version `normal'
(Font)                  OT1/cmr/m/n --> OT1/lmr/m/n on input line 22.
LaTeX Font Info:    Overwriting symbol font `letters' in version `normal'
(Font)                  OML/cmm/m/it --> OML/lmm/m/it on input line 23.
LaTeX Font Info:    Overwriting symbol font `symbols' in version `normal'
(Font)                  OMS/cmsy/m/n --> OMS/lmsy/m/n on input line 24.
LaTeX Font Info:    Overwriting symbol font `largesymbols' in version `normal'
(Font)                  OMX/cmex/m/n --> OMX/lmex/m/n on input line 25.
LaTeX Font Info:    Overwriting symbol font `operators' in version `bold'
(Font)                  OT1/cmr/bx/n --> OT1/lmr/bx/n on input line 26.
LaTeX Font Info:    Overwriting symbol font `letters' in version `bold'
(Font)                  OML/cmm/b/it --> OML/lmm/b/it on input line 27.
LaTeX Font Info:    Overwriting symbol font `symbols' in version `bold'
(Font)                  OMS/cmsy/b/n --> OMS/lmsy/b/n on input line 28.
LaTeX Font Info:    Overwriting symbol font `largesymbols' in version `bold'
(Font)                  OMX/cmex/m/n --> OMX/lmex/m/n on input line 29.
LaTeX Font Info:    Overwriting math alphabet `\mathbf' in version `normal'
(Font)                  OT1/cmr/bx/n --> OT1/lmr/bx/n on input line 31.
LaTeX Font Info:    Overwriting math alphabet `\mathsf' in version `normal'
(Font)                  OT1/cmss/m/n --> OT1/lmss/m/n on input line 32.
LaTeX Font Info:    Overwriting math alphabet `\mathit' in version `normal'
(Font)                  OT1/cmr/m/it --> OT1/lmr/m/it on input line 33.
LaTeX Font Info:    Overwriting math alphabet `\mathtt' in version `normal'
(Font)                  OT1/cmtt/m/n --> OT1/lmtt/m/n on input line 34.
LaTeX Font Info:    Overwriting math alphabet `\mathbf' in version `bold'
(Font)                  OT1/cmr/bx/n --> OT1/lmr/bx/n on input line 35.
LaTeX Font Info:    Overwriting math alphabet `\mathsf' in version `bold'
(Font)                  OT1/cmss/bx/n --> OT1/lmss/bx/n on input line 36.
LaTeX Font Info:    Overwriting math alphabet `\mathit' in version `bold'
(Font)                  OT1/cmr/bx/it --> OT1/lmr/bx/it on input line 37.
LaTeX Font Info:    Overwriting math alphabet `\mathtt' in version `bold'
(Font)                  OT1/cmtt/m/n --> OT1/lmtt/m/n on input line 38.
)
(c:/Users/steve/AppData/Roaming/TinyTeX/texmf-dist/tex/latex/amsmath/amsmath.st
y
Package: amsmath 2020/09/23 v2.17i AMS math features
\@mathmargin=\skip49
For additional information on amsmath, use the `?' option.

(c:/Users/steve/AppData/Roaming/TinyTeX/texmf-dist/tex/latex/amsmath/amstext.st
y
Package: amstext 2000/06/29 v2.01 AMS text

(c:/Users/steve/AppData/Roaming/TinyTeX/texmf-dist/tex/latex/amsmath/amsgen.sty
File: amsgen.sty 1999/11/30 v2.0 generic functions
\@emptytoks=\toks15
\ex@=\dimen139
))
(c:/Users/steve/AppData/Roaming/TinyTeX/texmf-dist/tex/latex/amsmath/amsbsy.sty
Package: amsbsy 1999/11/29 v1.2d Bold Symbols
\pmbraise@=\dimen140
)
(c:/Users/steve/AppData/Roaming/TinyTeX/texmf-dist/tex/latex/amsmath/amsopn.sty
Package: amsopn 2016/03/08 v2.02 operator names
)
\inf@bad=\count182
LaTeX Info: Redefining \frac on input line 234.
\uproot@=\count183
\leftroot@=\count184
LaTeX Info: Redefining \overline on input line 399.
\classnum@=\count185
\DOTSCASE@=\count186
LaTeX Info: Redefining \ldots on input line 496.
LaTeX Info: Redefining \dots on input line 499.
LaTeX Info: Redefining \cdots on input line 620.
\Mathstrutbox@=\box47
\strutbox@=\box48
\big@size=\dimen141
LaTeX Font Info:    Redeclaring font encoding OML on input line 743.
LaTeX Font Info:    Redeclaring font encoding OMS on input line 744.
\macc@depth=\count187
\c@MaxMatrixCols=\count188
\dotsspace@=\muskip16
\c@parentequation=\count189
\dspbrk@lvl=\count190
\tag@help=\toks16
\row@=\count191
\column@=\count192
\maxfields@=\count193
\andhelp@=\toks17
\eqnshift@=\dimen142
\alignsep@=\dimen143
\tagshift@=\dimen144
\tagwidth@=\dimen145
\totwidth@=\dimen146
\lineht@=\dimen147
\@envbody=\toks18
\multlinegap=\skip50
\multlinetaggap=\skip51
\mathdisplay@stack=\toks19
LaTeX Info: Redefining \[ on input line 2923.
LaTeX Info: Redefining \] on input line 2924.
)
(c:/Users/steve/AppData/Roaming/TinyTeX/texmf-dist/tex/generic/iftex/ifxetex.st
y
Package: ifxetex 2019/10/25 v0.7 ifxetex legacy package. Use iftex instead.
(c:/Users/steve/AppData/Roaming/TinyTeX/texmf-dist/tex/generic/iftex/iftex.sty
Package: iftex 2020/03/06 v1.0d TeX engine tests
))
(c:/Users/steve/AppData/Roaming/TinyTeX/texmf-dist/tex/generic/iftex/ifluatex.s
ty
Package: ifluatex 2019/10/25 v1.5 ifluatex legacy package. Use iftex instead.
)
(c:/Users/steve/AppData/Roaming/TinyTeX/texmf-dist/tex/latex/unicode-math/unico
de-math.sty
(c:/Users/steve/AppData/Roaming/TinyTeX/texmf-dist/tex/latex/l3kernel/expl3.sty
Package: expl3 2021-01-09 L3 programming layer (loader) 

(c:/Users/steve/AppData/Roaming/TinyTeX/texmf-dist/tex/latex/l3backend/l3backen
d-xetex.def
File: l3backend-xetex.def 2021-01-09 L3 backend support: XeTeX
(|extractbb --version)
\c__kernel_sys_dvipdfmx_version_int=\count194
\g__color_stack_int=\count195
\l__kernel_color_stack_int=\count196
\g__graphics_track_int=\count197
\l__pdf_internal_box=\box49
\g__pdf_backend_object_int=\count198
\g__pdf_backend_annotation_int=\count199
\g__pdf_backend_link_int=\count266
))
Package: unicode-math 2020/01/31 v0.8q Unicode maths in XeLaTeX and LuaLaTeX

(c:/Users/steve/AppData/Roaming/TinyTeX/texmf-dist/tex/latex/unicode-math/unico
de-math-xetex.sty
Package: unicode-math-xetex 2020/01/31 v0.8q Unicode maths in XeLaTeX and LuaLa
TeX

(c:/Users/steve/AppData/Roaming/TinyTeX/texmf-dist/tex/latex/l3packages/xparse/
xparse.sty
Package: xparse 2020-10-27 L3 Experimental document command parser

(c:/Users/steve/AppData/Roaming/TinyTeX/texmf-dist/tex/latex/l3packages/xparse/
xparse-generic.tex))
(c:/Users/steve/AppData/Roaming/TinyTeX/texmf-dist/tex/latex/l3packages/l3keys2
e/l3keys2e.sty
Package: l3keys2e 2020-10-27 LaTeX2e option processing using LaTeX3 keys
)
(c:/Users/steve/AppData/Roaming/TinyTeX/texmf-dist/tex/latex/fontspec/fontspec.
sty
Package: fontspec 2020/02/21 v2.7i Font selection for XeLaTeX and LuaLaTeX

(c:/Users/steve/AppData/Roaming/TinyTeX/texmf-dist/tex/latex/fontspec/fontspec-
xetex.sty
Package: fontspec-xetex 2020/02/21 v2.7i Font selection for XeLaTeX and LuaLaTe
X
\l__fontspec_script_int=\count267
\l__fontspec_language_int=\count268
\l__fontspec_strnum_int=\count269
\l__fontspec_tmp_int=\count270
\l__fontspec_tmpa_int=\count271
\l__fontspec_tmpb_int=\count272
\l__fontspec_tmpc_int=\count273
\l__fontspec_em_int=\count274
\l__fontspec_emdef_int=\count275
\l__fontspec_strong_int=\count276
\l__fontspec_strongdef_int=\count277
\l__fontspec_tmpa_dim=\dimen148
\l__fontspec_tmpb_dim=\dimen149
\l__fontspec_tmpc_dim=\dimen150
(c:/Users/steve/AppData/Roaming/TinyTeX/texmf-dist/tex/latex/base/fontenc.sty
Package: fontenc 2020/08/10 v2.0s Standard LaTeX package
)
(c:/Users/steve/AppData/Roaming/TinyTeX/texmf-dist/tex/latex/fontspec/fontspec.
cfg))) (c:/Users/steve/AppData/Roaming/TinyTeX/texmf-dist/tex/latex/base/fix-cm
.sty
Package: fix-cm 2015/01/14 v1.1t fixes to LaTeX
(c:/Users/steve/AppData/Roaming/TinyTeX/texmf-dist/tex/latex/base/ts1enc.def
File: ts1enc.def 2001/06/05 v3.0e (jk/car/fm) Standard LaTeX file
LaTeX Font Info:    Redeclaring font encoding TS1 on input line 47.
))
\g__um_fam_int=\count278
\g__um_fonts_used_int=\count279
\l__um_primecount_int=\count280
\g__um_primekern_muskip=\muskip17

(c:/Users/steve/AppData/Roaming/TinyTeX/texmf-dist/tex/latex/unicode-math/unico
de-math-table.tex)))
(c:/Users/steve/AppData/Roaming/TinyTeX/texmf-dist/tex/latex/upquote/upquote.st
y
Package: upquote 2012/04/19 v1.3 upright-quote and grave-accent glyphs in verba
tim
(c:/Users/steve/AppData/Roaming/TinyTeX/texmf-dist/tex/latex/base/textcomp.sty
Package: textcomp 2020/02/02 v2.0n Standard LaTeX package
)) (c:/Users/steve/AppData/Roaming/TinyTeX/texmf-dist/tex/latex/xcolor/xcolor.s
ty
Package: xcolor 2016/05/11 v2.12 LaTeX color extensions (UK)

(c:/Users/steve/AppData/Roaming/TinyTeX/texmf-dist/tex/latex/graphics-cfg/color
.cfg
File: color.cfg 2016/01/02 v1.6 sample color configuration
)
Package xcolor Info: Driver file: xetex.def on input line 225.

(c:/Users/steve/AppData/Roaming/TinyTeX/texmf-dist/tex/latex/graphics-def/xetex
.def
File: xetex.def 2020/08/26 v5.0i Graphics/color driver for xetex
)
Package xcolor Info: Model `cmy' substituted by `cmy0' on input line 1348.
Package xcolor Info: Model `RGB' extended on input line 1364.
Package xcolor Info: Model `HTML' substituted by `rgb' on input line 1366.
Package xcolor Info: Model `Hsb' substituted by `hsb' on input line 1367.
Package xcolor Info: Model `tHsb' substituted by `hsb' on input line 1368.
Package xcolor Info: Model `HSB' substituted by `hsb' on input line 1369.
Package xcolor Info: Model `Gray' substituted by `gray' on input line 1370.
Package xcolor Info: Model `wave' substituted by `hsb' on input line 1371.
)
(c:/Users/steve/AppData/Roaming/TinyTeX/texmf-dist/tex/latex/hyperref/hyperref.
sty
Package: hyperref 2020-05-15 v7.00e Hypertext links for LaTeX

(c:/Users/steve/AppData/Roaming/TinyTeX/texmf-dist/tex/generic/ltxcmds/ltxcmds.
sty
Package: ltxcmds 2020-05-10 v1.25 LaTeX kernel commands for general use (HO)
)
(c:/Users/steve/AppData/Roaming/TinyTeX/texmf-dist/tex/generic/pdftexcmds/pdfte
xcmds.sty
Package: pdftexcmds 2020-06-27 v0.33 Utility functions of pdfTeX for LuaTeX (HO
)

(c:/Users/steve/AppData/Roaming/TinyTeX/texmf-dist/tex/generic/infwarerr/infwar
err.sty
Package: infwarerr 2019/12/03 v1.5 Providing info/warning/error messages (HO)
)
Package pdftexcmds Info: \pdf@primitive is available.
Package pdftexcmds Info: \pdf@ifprimitive is available.
Package pdftexcmds Info: \pdfdraftmode not found.
)
(c:/Users/steve/AppData/Roaming/TinyTeX/texmf-dist/tex/latex/graphics/keyval.st
y
Package: keyval 2014/10/28 v1.15 key=value parser (DPC)
\KV@toks@=\toks20
)
(c:/Users/steve/AppData/Roaming/TinyTeX/texmf-dist/tex/generic/kvsetkeys/kvsetk
eys.sty
Package: kvsetkeys 2019/12/15 v1.18 Key value parser (HO)
)
(c:/Users/steve/AppData/Roaming/TinyTeX/texmf-dist/tex/generic/kvdefinekeys/kvd
efinekeys.sty
Package: kvdefinekeys 2019-12-19 v1.6 Define keys (HO)
)
(c:/Users/steve/AppData/Roaming/TinyTeX/texmf-dist/tex/generic/pdfescape/pdfesc
ape.sty
Package: pdfescape 2019/12/09 v1.15 Implements pdfTeX's escape features (HO)
)
(c:/Users/steve/AppData/Roaming/TinyTeX/texmf-dist/tex/latex/hycolor/hycolor.st
y
Package: hycolor 2020-01-27 v1.10 Color options for hyperref/bookmark (HO)
)
(c:/Users/steve/AppData/Roaming/TinyTeX/texmf-dist/tex/latex/letltxmacro/letltx
macro.sty
Package: letltxmacro 2019/12/03 v1.6 Let assignment for LaTeX macros (HO)
)
(c:/Users/steve/AppData/Roaming/TinyTeX/texmf-dist/tex/latex/auxhook/auxhook.st
y
Package: auxhook 2019-12-17 v1.6 Hooks for auxiliary files (HO)
)
(c:/Users/steve/AppData/Roaming/TinyTeX/texmf-dist/tex/latex/kvoptions/kvoption
s.sty
Package: kvoptions 2020-10-07 v3.14 Key value format for package options (HO)
)
\@linkdim=\dimen151
\Hy@linkcounter=\count281
\Hy@pagecounter=\count282

(c:/Users/steve/AppData/Roaming/TinyTeX/texmf-dist/tex/latex/hyperref/pd1enc.de
f
File: pd1enc.def 2020-05-15 v7.00e Hyperref: PDFDocEncoding definition (HO)
)
(c:/Users/steve/AppData/Roaming/TinyTeX/texmf-dist/tex/generic/intcalc/intcalc.
sty
Package: intcalc 2019/12/15 v1.3 Expandable calculations with integers (HO)
)
(c:/Users/steve/AppData/Roaming/TinyTeX/texmf-dist/tex/generic/etexcmds/etexcmd
s.sty
Package: etexcmds 2019/12/15 v1.7 Avoid name clashes with e-TeX commands (HO)
)
\Hy@SavedSpaceFactor=\count283
Package hyperref Info: Option `unicode' set `true' on input line 4338.

(c:/Users/steve/AppData/Roaming/TinyTeX/texmf-dist/tex/latex/hyperref/puenc.def
File: puenc.def 2020-05-15 v7.00e Hyperref: PDF Unicode definition (HO)
)
Package hyperref Info: Hyper figures OFF on input line 4464.
Package hyperref Info: Link nesting OFF on input line 4469.
Package hyperref Info: Hyper index ON on input line 4472.
Package hyperref Info: Plain pages OFF on input line 4479.
Package hyperref Info: Backreferencing OFF on input line 4484.
Package hyperref Info: Implicit mode ON; LaTeX internals redefined.
Package hyperref Info: Bookmarks ON on input line 4717.
\c@Hy@tempcnt=\count284
(c:/Users/steve/AppData/Roaming/TinyTeX/texmf-dist/tex/latex/url/url.sty
\Urlmuskip=\muskip18
Package: url 2013/09/16  ver 3.4  Verb mode for urls, etc.
)
LaTeX Info: Redefining \url on input line 5076.
\XeTeXLinkMargin=\dimen152

(c:/Users/steve/AppData/Roaming/TinyTeX/texmf-dist/tex/generic/bitset/bitset.st
y
Package: bitset 2019/12/09 v1.3 Handle bit-vector datatype (HO)

(c:/Users/steve/AppData/Roaming/TinyTeX/texmf-dist/tex/generic/bigintcalc/bigin
tcalc.sty
Package: bigintcalc 2019/12/15 v1.5 Expandable calculations on big integers (HO
)
))
\Fld@menulength=\count285
\Field@Width=\dimen153
\Fld@charsize=\dimen154
Package hyperref Info: Hyper figures OFF on input line 6347.
Package hyperref Info: Link nesting OFF on input line 6352.
Package hyperref Info: Hyper index ON on input line 6355.
Package hyperref Info: backreferencing OFF on input line 6362.
Package hyperref Info: Link coloring OFF on input line 6367.
Package hyperref Info: Link coloring with OCG OFF on input line 6372.
Package hyperref Info: PDF/A mode OFF on input line 6377.
LaTeX Info: Redefining \ref on input line 6417.
LaTeX Info: Redefining \pageref on input line 6421.

(c:/Users/steve/AppData/Roaming/TinyTeX/texmf-dist/tex/latex/base/atbegshi-ltx.
sty
Package: atbegshi-ltx 2020/08/17 v1.0a Emulation of the original atbegshi packa
ge
with kernel methods
)
\Hy@abspage=\count286
\c@Item=\count287
\c@Hfootnote=\count288
)
Package hyperref Info: Driver (autodetected): hxetex.

(c:/Users/steve/AppData/Roaming/TinyTeX/texmf-dist/tex/latex/hyperref/hxetex.de
f
File: hxetex.def 2020-05-15 v7.00e Hyperref driver for XeTeX

(c:/Users/steve/AppData/Roaming/TinyTeX/texmf-dist/tex/generic/stringenc/string
enc.sty
Package: stringenc 2019/11/29 v1.12 Convert strings between diff. encodings (HO
)
)
\pdfm@box=\box50
\c@Hy@AnnotLevel=\count289
\HyField@AnnotCount=\count290
\Fld@listcount=\count291
\c@bookmark@seq@number=\count292

(c:/Users/steve/AppData/Roaming/TinyTeX/texmf-dist/tex/latex/rerunfilecheck/rer
unfilecheck.sty
Package: rerunfilecheck 2019/12/05 v1.9 Rerun checks for auxiliary files (HO)

(c:/Users/steve/AppData/Roaming/TinyTeX/texmf-dist/tex/latex/base/atveryend-ltx
.sty
Package: atveryend-ltx 2020/08/19 v1.0a Emulation of the original atvery packag
e
with kernel methods
)
(c:/Users/steve/AppData/Roaming/TinyTeX/texmf-dist/tex/generic/uniquecounter/un
iquecounter.sty
Package: uniquecounter 2019/12/15 v1.4 Provide unlimited unique counter (HO)
)
Package uniquecounter Info: New unique counter `rerunfilecheck' on input line 2
86.
)
\Hy@SectionHShift=\skip52
)
(c:/Users/steve/AppData/Roaming/TinyTeX/texmf-dist/tex/latex/tools/longtable.st
y
Package: longtable 2020/01/07 v4.13 Multi-page Table package (DPC)
\LTleft=\skip53
\LTright=\skip54
\LTpre=\skip55
\LTpost=\skip56
\LTchunksize=\count293
\LTcapwidth=\dimen155
\LT@head=\box51
\LT@firsthead=\box52
\LT@foot=\box53
\LT@lastfoot=\box54
\LT@cols=\count294
\LT@rows=\count295
\c@LT@tables=\count296
\c@LT@chunks=\count297
\LT@p@ftn=\toks21
)
(c:/Users/steve/AppData/Roaming/TinyTeX/texmf-dist/tex/latex/booktabs/booktabs.
sty
Package: booktabs 2020/01/12 v1.61803398 Publication quality tables
\heavyrulewidth=\dimen156
\lightrulewidth=\dimen157
\cmidrulewidth=\dimen158
\belowrulesep=\dimen159
\belowbottomsep=\dimen160
\aboverulesep=\dimen161
\abovetopsep=\dimen162
\cmidrulesep=\dimen163
\cmidrulekern=\dimen164
\defaultaddspace=\dimen165
\@cmidla=\count298
\@cmidlb=\count299
\@aboverulesep=\dimen166
\@belowrulesep=\dimen167
\@thisruleclass=\count300
\@lastruleclass=\count301
\@thisrulewidth=\dimen168
) (c:/Users/steve/AppData/Roaming/TinyTeX/texmf-dist/tex/latex/tools/calc.sty
Package: calc 2017/05/25 v4.3 Infix arithmetic (KKT,FJ)
\calc@Acount=\count302
\calc@Bcount=\count303
\calc@Adimen=\dimen169
\calc@Bdimen=\dimen170
\calc@Askip=\skip57
\calc@Bskip=\skip58
LaTeX Info: Redefining \setlength on input line 80.
LaTeX Info: Redefining \addtolength on input line 81.
\calc@Ccount=\count304
\calc@Cskip=\skip59
)
(c:/Users/steve/AppData/Roaming/TinyTeX/texmf-dist/tex/latex/etoolbox/etoolbox.
sty
Package: etoolbox 2020/10/05 v2.5k e-TeX tools for LaTeX (JAW)
\etb@tempcnta=\count305
)
(c:/Users/steve/AppData/Roaming/TinyTeX/texmf-dist/tex/latex/mdwtools/footnote.
sty
Package: footnote 1997/01/28 1.13 Save footnotes around boxes
\fn@notes=\box55
\fn@width=\dimen171
)
(c:/Users/steve/AppData/Roaming/TinyTeX/texmf-dist/tex/latex/graphics/graphicx.
sty
Package: graphicx 2020/09/09 v1.2b Enhanced LaTeX Graphics (DPC,SPQR)

(c:/Users/steve/AppData/Roaming/TinyTeX/texmf-dist/tex/latex/graphics/graphics.
sty
Package: graphics 2020/08/30 v1.4c Standard LaTeX Graphics (DPC,SPQR)
(c:/Users/steve/AppData/Roaming/TinyTeX/texmf-dist/tex/latex/graphics/trig.sty
Package: trig 2016/01/03 v1.10 sin cos tan (DPC)
)
(c:/Users/steve/AppData/Roaming/TinyTeX/texmf-dist/tex/latex/graphics-cfg/graph
ics.cfg
File: graphics.cfg 2016/06/04 v1.11 sample graphics configuration
)
Package graphics Info: Driver file: xetex.def on input line 105.
)
\Gin@req@height=\dimen172
\Gin@req@width=\dimen173
) (c:/Users/steve/AppData/Roaming/TinyTeX/texmf-dist/tex/latex/natbib/natbib.st
y
Package: natbib 2010/09/13 8.31b (PWD, AO)
\bibhang=\skip60
\bibsep=\skip61
LaTeX Info: Redefining \cite on input line 694.
\c@NAT@ctr=\count306
) (./Guide-to-causal-mapping.aux)
\openout1 = `Guide-to-causal-mapping.aux'.

LaTeX Font Info:    Checking defaults for OML/cmm/m/it on input line 89.
LaTeX Font Info:    ... okay on input line 89.
LaTeX Font Info:    Checking defaults for OMS/cmsy/m/n on input line 89.
LaTeX Font Info:    ... okay on input line 89.
LaTeX Font Info:    Checking defaults for OT1/cmr/m/n on input line 89.
LaTeX Font Info:    ... okay on input line 89.
LaTeX Font Info:    Checking defaults for T1/cmr/m/n on input line 89.
LaTeX Font Info:    ... okay on input line 89.
LaTeX Font Info:    Checking defaults for TS1/cmr/m/n on input line 89.
LaTeX Font Info:    ... okay on input line 89.
LaTeX Font Info:    Checking defaults for TU/lmr/m/n on input line 89.
LaTeX Font Info:    ... okay on input line 89.
LaTeX Font Info:    Checking defaults for OMX/cmex/m/n on input line 89.
LaTeX Font Info:    ... okay on input line 89.
LaTeX Font Info:    Checking defaults for U/cmr/m/n on input line 89.
LaTeX Font Info:    ... okay on input line 89.
LaTeX Font Info:    Checking defaults for PD1/pdf/m/n on input line 89.
LaTeX Font Info:    ... okay on input line 89.
LaTeX Font Info:    Checking defaults for PU/pdf/m/n on input line 89.
LaTeX Font Info:    ... okay on input line 89.
LaTeX Font Info:    Overwriting math alphabet `\mathrm' in version `normal'
(Font)                  OT1/lmr/m/n --> TU/lmr/m/n on input line 89.
LaTeX Font Info:    Overwriting math alphabet `\mathit' in version `normal'
(Font)                  OT1/lmr/m/it --> TU/lmr/m/it on input line 89.
LaTeX Font Info:    Overwriting math alphabet `\mathbf' in version `normal'
(Font)                  OT1/lmr/bx/n --> TU/lmr/bx/n on input line 89.
LaTeX Font Info:    Overwriting math alphabet `\mathsf' in version `normal'
(Font)                  OT1/lmss/m/n --> TU/lmss/m/n on input line 89.
LaTeX Font Info:    Overwriting math alphabet `\mathsf' in version `bold'
(Font)                  OT1/lmss/bx/n --> TU/lmss/bx/n on input line 89.
LaTeX Font Info:    Overwriting math alphabet `\mathtt' in version `normal'
(Font)                  OT1/lmtt/m/n --> TU/lmtt/m/n on input line 89.
LaTeX Font Info:    Overwriting math alphabet `\mathtt' in version `bold'
(Font)                  OT1/lmtt/m/n --> TU/lmtt/bx/n on input line 89.

Package fontspec Info: latinmodern-math scale = 0.9999964596882403.


Package fontspec Info: latinmodern-math scale = 0.9999964596882403.


Package fontspec Info: latinmodern-math scale = 0.9999964596882403.


Package fontspec Info: Font family 'latinmodern-math.otf(0)' created for font
(fontspec)             'latinmodern-math.otf' with options
(fontspec)             [Scale=MatchLowercase,BoldItalicFont={},ItalicFont={},Sm
allCapsFont={},Script=Math,BoldFont={latinmodern-math.otf}].
(fontspec)              
(fontspec)              This font family consists of the following NFSS
(fontspec)             series/shapes:
(fontspec)              
(fontspec)             - 'normal' (m/n) with NFSS spec.:
(fontspec)             <->s*[0.9999964596882403]"[latinmodern-math.otf]/OT:scri
pt=math;language=dflt;"
(fontspec)             - 'small caps'  (m/sc) with NFSS spec.: 
(fontspec)             - 'bold' (b/n) with NFSS spec.:
(fontspec)             <->s*[0.9999964596882403]"[latinmodern-math.otf]/OT:scri
pt=math;language=dflt;"
(fontspec)             - 'bold small caps'  (b/sc) with NFSS spec.: 

LaTeX Font Info:    Font shape `TU/latinmodern-math.otf(0)/m/n' will be
(Font)              scaled to size 10.0pt on input line 89.

Package fontspec Info: latinmodern-math scale = 0.9999964596882403.


Package fontspec Info: latinmodern-math scale = 0.9999964596882403.


Package fontspec Info: latinmodern-math scale = 0.9999964596882403.


Package fontspec Info: latinmodern-math scale = 0.9999964596882403.


Package fontspec Info: latinmodern-math scale = 0.9999964596882403.


Package fontspec Info: Font family 'latinmodern-math.otf(1)' created for font
(fontspec)             'latinmodern-math.otf' with options
(fontspec)             [Scale=MatchLowercase,BoldItalicFont={},ItalicFont={},Sm
allCapsFont={},Script=Math,SizeFeatures={{Size=8.5-},{Size=6-8.5,Font=latinmode
rn-math.otf,Style=MathScript},{Size=-6,Font=latinmodern-math.otf,Style=MathScri
ptScript}},BoldFont={latinmodern-math.otf}].
(fontspec)              
(fontspec)              This font family consists of the following NFSS
(fontspec)             series/shapes:
(fontspec)              
(fontspec)             - 'normal' (m/n) with NFSS spec.:
(fontspec)             <8.5->s*[0.9999964596882403]"[latinmodern-math.otf]/OT:s
cript=math;language=dflt;"<6-8.5>s*[0.9999964596882403]"[latinmodern-math.otf]/
OT:script=math;language=dflt;+ssty=0;"<-6>s*[0.9999964596882403]"[latinmodern-m
ath.otf]/OT:script=math;language=dflt;+ssty=1;"
(fontspec)             - 'small caps'  (m/sc) with NFSS spec.: 
(fontspec)             - 'bold' (b/n) with NFSS spec.:
(fontspec)             <->s*[0.9999964596882403]"[latinmodern-math.otf]/OT:scri
pt=math;language=dflt;"
(fontspec)             - 'bold small caps'  (b/sc) with NFSS spec.: 

LaTeX Font Info:    Font shape `TU/latinmodern-math.otf(1)/m/n' will be
(Font)              scaled to size 10.0pt on input line 89.
LaTeX Font Info:    Encoding `OT1' has changed to `TU' for symbol font
(Font)              `operators' in the math version `normal' on input line 89.
LaTeX Font Info:    Overwriting symbol font `operators' in version `normal'
(Font)                  OT1/lmr/m/n --> TU/latinmodern-math.otf(1)/m/n on input
 line 89.
LaTeX Font Info:    Encoding `OT1' has changed to `TU' for symbol font
(Font)              `operators' in the math version `bold' on input line 89.
LaTeX Font Info:    Overwriting symbol font `operators' in version `bold'
(Font)                  OT1/lmr/bx/n --> TU/latinmodern-math.otf(1)/b/n on inpu
t line 89.

Package fontspec Info: latinmodern-math scale = 0.9999964596882403.


Package fontspec Info: latinmodern-math scale = 1.000096459334209.


Package fontspec Info: latinmodern-math scale = 0.9999964596882403.


Package fontspec Info: latinmodern-math scale = 1.000096459334209.


Package fontspec Info: latinmodern-math scale = 0.9999964596882403.


Package fontspec Info: latinmodern-math scale = 1.000096459334209.


Package fontspec Info: latinmodern-math scale = 0.9999964596882403.


Package fontspec Info: latinmodern-math scale = 1.000096459334209.


Package fontspec Info: latinmodern-math scale = 0.9999964596882403.


Package fontspec Info: latinmodern-math scale = 1.000096459334209.


Package fontspec Info: Font family 'latinmodern-math.otf(2)' created for font
(fontspec)             'latinmodern-math.otf' with options
(fontspec)             [Scale=MatchLowercase,BoldItalicFont={},ItalicFont={},Sm
allCapsFont={},Script=Math,SizeFeatures={{Size=8.5-},{Size=6-8.5,Font=latinmode
rn-math.otf,Style=MathScript},{Size=-6,Font=latinmodern-math.otf,Style=MathScri
ptScript}},BoldFont={latinmodern-math.otf},ScaleAgain=1.0001,FontAdjustment={\f
ontdimen
(fontspec)             8\font =6.77pt\relax \fontdimen 9\font =3.94pt\relax
(fontspec)             \fontdimen 10\font =4.44pt\relax \fontdimen 11\font
(fontspec)             =6.86pt\relax \fontdimen 12\font =3.45pt\relax
(fontspec)             \fontdimen 13\font =3.63pt\relax \fontdimen 14\font
(fontspec)             =3.63pt\relax \fontdimen 15\font =2.89pt\relax
(fontspec)             \fontdimen 16\font =2.47pt\relax \fontdimen 17\font
(fontspec)             =2.47pt\relax \fontdimen 18\font =2.5pt\relax
(fontspec)             \fontdimen 19\font =2.0pt\relax \fontdimen 22\font
(fontspec)             =2.5pt\relax \fontdimen 20\font =0pt\relax \fontdimen
(fontspec)             21\font =0pt\relax }].
(fontspec)              
(fontspec)              This font family consists of the following NFSS
(fontspec)             series/shapes:
(fontspec)              
(fontspec)             - 'normal' (m/n) with NFSS spec.:
(fontspec)             <8.5->s*[1.000096459334209]"[latinmodern-math.otf]/OT:sc
ript=math;language=dflt;"<6-8.5>s*[1.000096459334209]"[latinmodern-math.otf]/OT
:script=math;language=dflt;+ssty=0;"<-6>s*[1.000096459334209]"[latinmodern-math
.otf]/OT:script=math;language=dflt;+ssty=1;"
(fontspec)             - 'small caps'  (m/sc) with NFSS spec.: 
(fontspec)             and font adjustment code:
(fontspec)             \fontdimen 8\font =6.77pt\relax \fontdimen 9\font
(fontspec)             =3.94pt\relax \fontdimen 10\font =4.44pt\relax
(fontspec)             \fontdimen 11\font =6.86pt\relax \fontdimen 12\font
(fontspec)             =3.45pt\relax \fontdimen 13\font =3.63pt\relax
(fontspec)             \fontdimen 14\font =3.63pt\relax \fontdimen 15\font
(fontspec)             =2.89pt\relax \fontdimen 16\font =2.47pt\relax
(fontspec)             \fontdimen 17\font =2.47pt\relax \fontdimen 18\font
(fontspec)             =2.5pt\relax \fontdimen 19\font =2.0pt\relax \fontdimen
(fontspec)             22\font =2.5pt\relax \fontdimen 20\font =0pt\relax
(fontspec)             \fontdimen 21\font =0pt\relax 
(fontspec)             - 'bold' (b/n) with NFSS spec.:
(fontspec)             <->s*[1.000096459334209]"[latinmodern-math.otf]/OT:scrip
t=math;language=dflt;"
(fontspec)             - 'bold small caps'  (b/sc) with NFSS spec.: 
(fontspec)             and font adjustment code:
(fontspec)             \fontdimen 8\font =6.77pt\relax \fontdimen 9\font
(fontspec)             =3.94pt\relax \fontdimen 10\font =4.44pt\relax
(fontspec)             \fontdimen 11\font =6.86pt\relax \fontdimen 12\font
(fontspec)             =3.45pt\relax \fontdimen 13\font =3.63pt\relax
(fontspec)             \fontdimen 14\font =3.63pt\relax \fontdimen 15\font
(fontspec)             =2.89pt\relax \fontdimen 16\font =2.47pt\relax
(fontspec)             \fontdimen 17\font =2.47pt\relax \fontdimen 18\font
(fontspec)             =2.5pt\relax \fontdimen 19\font =2.0pt\relax \fontdimen
(fontspec)             22\font =2.5pt\relax \fontdimen 20\font =0pt\relax
(fontspec)             \fontdimen 21\font =0pt\relax 

LaTeX Font Info:    Encoding `OMS' has changed to `TU' for symbol font
(Font)              `symbols' in the math version `normal' on input line 89.
LaTeX Font Info:    Overwriting symbol font `symbols' in version `normal'
(Font)                  OMS/lmsy/m/n --> TU/latinmodern-math.otf(2)/m/n on inpu
t line 89.
LaTeX Font Info:    Encoding `OMS' has changed to `TU' for symbol font
(Font)              `symbols' in the math version `bold' on input line 89.
LaTeX Font Info:    Overwriting symbol font `symbols' in version `bold'
(Font)                  OMS/lmsy/b/n --> TU/latinmodern-math.otf(2)/b/n on inpu
t line 89.

Package fontspec Info: latinmodern-math scale = 0.9999964596882403.


Package fontspec Info: latinmodern-math scale = 0.9998964600422715.


Package fontspec Info: latinmodern-math scale = 0.9999964596882403.


Package fontspec Info: latinmodern-math scale = 0.9998964600422715.


Package fontspec Info: latinmodern-math scale = 0.9999964596882403.


Package fontspec Info: latinmodern-math scale = 0.9998964600422715.


Package fontspec Info: latinmodern-math scale = 0.9999964596882403.


Package fontspec Info: latinmodern-math scale = 0.9998964600422715.


Package fontspec Info: latinmodern-math scale = 0.9999964596882403.


Package fontspec Info: latinmodern-math scale = 0.9998964600422715.


Package fontspec Info: Font family 'latinmodern-math.otf(3)' created for font
(fontspec)             'latinmodern-math.otf' with options
(fontspec)             [Scale=MatchLowercase,BoldItalicFont={},ItalicFont={},Sm
allCapsFont={},Script=Math,SizeFeatures={{Size=8.5-},{Size=6-8.5,Font=latinmode
rn-math.otf,Style=MathScript},{Size=-6,Font=latinmodern-math.otf,Style=MathScri
ptScript}},BoldFont={latinmodern-math.otf},ScaleAgain=0.9999,FontAdjustment={\f
ontdimen
(fontspec)             8\font =0.4pt\relax \fontdimen 9\font =2.0pt\relax
(fontspec)             \fontdimen 10\font =1.67pt\relax \fontdimen 11\font
(fontspec)             =1.11pt\relax \fontdimen 12\font =6.0pt\relax
(fontspec)             \fontdimen 13\font =0pt\relax }].
(fontspec)              
(fontspec)              This font family consists of the following NFSS
(fontspec)             series/shapes:
(fontspec)              
(fontspec)             - 'normal' (m/n) with NFSS spec.:
(fontspec)             <8.5->s*[0.9998964600422715]"[latinmodern-math.otf]/OT:s
cript=math;language=dflt;"<6-8.5>s*[0.9998964600422715]"[latinmodern-math.otf]/
OT:script=math;language=dflt;+ssty=0;"<-6>s*[0.9998964600422715]"[latinmodern-m
ath.otf]/OT:script=math;language=dflt;+ssty=1;"
(fontspec)             - 'small caps'  (m/sc) with NFSS spec.: 
(fontspec)             and font adjustment code:
(fontspec)             \fontdimen 8\font =0.4pt\relax \fontdimen 9\font
(fontspec)             =2.0pt\relax \fontdimen 10\font =1.67pt\relax
(fontspec)             \fontdimen 11\font =1.11pt\relax \fontdimen 12\font
(fontspec)             =6.0pt\relax \fontdimen 13\font =0pt\relax 
(fontspec)             - 'bold' (b/n) with NFSS spec.:
(fontspec)             <->s*[0.9998964600422715]"[latinmodern-math.otf]/OT:scri
pt=math;language=dflt;"
(fontspec)             - 'bold small caps'  (b/sc) with NFSS spec.: 
(fontspec)             and font adjustment code:
(fontspec)             \fontdimen 8\font =0.4pt\relax \fontdimen 9\font
(fontspec)             =2.0pt\relax \fontdimen 10\font =1.67pt\relax
(fontspec)             \fontdimen 11\font =1.11pt\relax \fontdimen 12\font
(fontspec)             =6.0pt\relax \fontdimen 13\font =0pt\relax 

LaTeX Font Info:    Encoding `OMX' has changed to `TU' for symbol font
(Font)              `largesymbols' in the math version `normal' on input line 8
9.
LaTeX Font Info:    Overwriting symbol font `largesymbols' in version `normal'
(Font)                  OMX/lmex/m/n --> TU/latinmodern-math.otf(3)/m/n on inpu
t line 89.
LaTeX Font Info:    Encoding `OMX' has changed to `TU' for symbol font
(Font)              `largesymbols' in the math version `bold' on input line 89.

LaTeX Font Info:    Overwriting symbol font `largesymbols' in version `bold'
(Font)                  OMX/lmex/m/n --> TU/latinmodern-math.otf(3)/b/n on inpu
t line 89.
Package hyperref Info: Link coloring OFF on input line 89.

(c:/Users/steve/AppData/Roaming/TinyTeX/texmf-dist/tex/latex/hyperref/nameref.s
ty
Package: nameref 2019/09/16 v2.46 Cross-referencing by name of section

(c:/Users/steve/AppData/Roaming/TinyTeX/texmf-dist/tex/latex/refcount/refcount.
sty
Package: refcount 2019/12/15 v3.6 Data extraction from label references (HO)
)
(c:/Users/steve/AppData/Roaming/TinyTeX/texmf-dist/tex/generic/gettitlestring/g
ettitlestring.sty
Package: gettitlestring 2019/12/15 v1.6 Cleanup title references (HO)
)
\c@section@level=\count307
)
LaTeX Info: Redefining \ref on input line 89.
LaTeX Info: Redefining \pageref on input line 89.
LaTeX Info: Redefining \nameref on input line 89.
(./Guide-to-causal-mapping.out) (./Guide-to-causal-mapping.out)
\@outlinefile=\write3
\openout3 = `Guide-to-causal-mapping.out'.

LaTeX Font Info:    Font shape `TU/latinmodern-math.otf(1)/m/n' will be
(Font)              scaled to size 12.0pt on input line 91.
LaTeX Font Info:    Font shape `TU/latinmodern-math.otf(1)/m/n' will be
(Font)              scaled to size 8.0pt on input line 91.
LaTeX Font Info:    Font shape `TU/latinmodern-math.otf(1)/m/n' will be
(Font)              scaled to size 6.0pt on input line 91.
LaTeX Font Info:    Trying to load font information for OML+lmm on input line 9
1.
(c:/Users/steve/AppData/Roaming/TinyTeX/texmf-dist/tex/latex/lm/omllmm.fd
File: omllmm.fd 2009/10/30 v1.6 Font defs for Latin Modern
)
LaTeX Font Info:    Font shape `TU/latinmodern-math.otf(2)/m/n' will be
(Font)              scaled to size 12.0011pt on input line 91.
LaTeX Font Info:    Font shape `TU/latinmodern-math.otf(2)/m/n' will be
(Font)              scaled to size 8.00073pt on input line 91.
LaTeX Font Info:    Font shape `TU/latinmodern-math.otf(2)/m/n' will be
(Font)              scaled to size 6.00055pt on input line 91.
LaTeX Font Info:    Font shape `TU/latinmodern-math.otf(3)/m/n' will be
(Font)              scaled to size 11.99872pt on input line 91.
LaTeX Font Info:    Font shape `TU/latinmodern-math.otf(3)/m/n' will be
(Font)              scaled to size 7.99915pt on input line 91.
LaTeX Font Info:    Font shape `TU/latinmodern-math.otf(3)/m/n' will be
(Font)              scaled to size 5.99936pt on input line 91.
[1


] [2

] (./Guide-to-causal-mapping.toc
LaTeX Font Info:    Font shape `TU/latinmodern-math.otf(1)/m/n' will be
(Font)              scaled to size 7.0pt on input line 4.
LaTeX Font Info:    Font shape `TU/latinmodern-math.otf(1)/m/n' will be
(Font)              scaled to size 5.0pt on input line 4.
LaTeX Font Info:    Font shape `TU/latinmodern-math.otf(2)/m/n' will be
(Font)              scaled to size 10.00092pt on input line 4.
LaTeX Font Info:    Font shape `TU/latinmodern-math.otf(2)/m/n' will be
(Font)              scaled to size 7.00064pt on input line 4.
LaTeX Font Info:    Font shape `TU/latinmodern-math.otf(2)/m/n' will be
(Font)              scaled to size 5.00046pt on input line 4.
LaTeX Font Info:    Font shape `TU/latinmodern-math.otf(3)/m/n' will be
(Font)              scaled to size 9.99893pt on input line 4.
LaTeX Font Info:    Font shape `TU/latinmodern-math.otf(3)/m/n' will be
(Font)              scaled to size 6.99925pt on input line 4.
LaTeX Font Info:    Font shape `TU/latinmodern-math.otf(3)/m/n' will be
(Font)              scaled to size 4.99947pt on input line 4.
Missing character: There is no 💻 in font [lmroman10-bold]:mapping=tex-text;!
[3]
Missing character: There is no 💻 in font [lmroman10-regular]:mapping=tex-text;!
Missing character: There is no 💻 in font [lmroman10-regular]:mapping=tex-text;!
Missing character: There is no 💻 in font [lmroman10-bold]:mapping=tex-text;!
Missing character: There is no 💻 in font [lmroman10-regular]:mapping=tex-text;!
Missing character: There is no 💻 in font [lmroman10-regular]:mapping=tex-text;!
Missing character: There is no 💻 in font [lmroman10-regular]:mapping=tex-text;!
Missing character: There is no 💻 in font [lmroman10-regular]:mapping=tex-text;!
Missing character: There is no 💻 in font [lmroman10-regular]:mapping=tex-text;!
Missing character: There is no 💻 in font [lmroman10-regular]:mapping=tex-text;!
Missing character: There is no 💻 in font [lmroman10-regular]:mapping=tex-text;!
Missing character: There is no 💻 in font [lmroman10-regular]:mapping=tex-text;!
[4]
Missing character: There is no 💻 in font [lmroman10-regular]:mapping=tex-text;!
Missing character: There is no 💻 in font [lmroman10-regular]:mapping=tex-text;!
Missing character: There is no 💻 in font [lmroman10-regular]:mapping=tex-text;!
Missing character: There is no 💻 in font [lmroman10-regular]:mapping=tex-text;!
Missing character: There is no 💻 in font [lmroman10-regular]:mapping=tex-text;!
Missing character: There is no 💻 in font [lmroman10-bold]:mapping=tex-text;!
[5]
Missing character: There is no 🖥 in font [lmroman10-regular]:mapping=tex-text;!
[6] [7]
Missing character: There is no 💻 in font [lmroman10-bold]:mapping=tex-text;!
Missing character: There is no 💻 in font [lmroman10-bold]:mapping=tex-text;!
)
\tf@toc=\write4
\openout4 = `Guide-to-causal-mapping.toc'.

[8]
Chapter 1.
File: _assets/simplify.png Graphic file (type bmp)
<_assets/simplify.png>
Missing character: There is no 💻 in font [lmroman10-regular]:mapping=tex-text;!
[9

] [10] [11

] [12]
Chapter 2.
[13

]
File: _assets/image-20210109103241094.png Graphic file (type bmp)
<_assets/image-20210109103241094.png>
File: _assets/image-20210109103251196.png Graphic file (type bmp)
<_assets/image-20210109103251196.png>
[14]
File: _assets/image-20210109103257743.png Graphic file (type bmp)
<_assets/image-20210109103257743.png>
File: _assets/image-20210109103305430.png Graphic file (type bmp)
<_assets/image-20210109103305430.png>

Overfull \hbox (6.66452pt too wide) has occurred while \output is active
\TU/lmr/m/sl/10 2.2.  GENERIC TERMINOLOGY FOR QUALITATIVE CAUSAL MAPPING \TU/lm
r/m/n/10 15
 []

[15]
Missing character: There is no ● in font [lmroman10-regular]:mapping=tex-text;!
Missing character: There is no ● in font [lmroman10-regular]:mapping=tex-text;!
Missing character: There is no ● in font [lmroman10-regular]:mapping=tex-text;!

Underfull \vbox (badness 2698) has occurred while \output is active []

[16]
Missing character: There is no ➜ in font [lmroman10-regular]:mapping=tex-text;!
[17] [18

]
Chapter 3.

Package natbib Warning: Citation `kelly1955' on page 19 undefined on input line
 245.

[19] [20] [21] [22]
Overfull \hbox (247.28355pt too wide) has occurred while \output is active
\TU/lmr/m/sl/10 3.4.  CAUSAL MAPS AS A SUMMARY OF QUALITATIVE DATA ANALYSIS OF 
TEXTUAL CAUSAL CLAIMS FOR EACH LINK \TU/lmr/m/n/10 23
 []

[23] [24] [25] [26] [27] [28]
Chapter 4.
Missing character: There is no 💻 in font [lmroman12-bold]:mapping=tex-text;!
[29

]
File: _assets/image-20210108212443821.png Graphic file (type bmp)
<_assets/image-20210108212443821.png>
File: _assets/image-20210108212459092.png Graphic file (type bmp)
<_assets/image-20210108212459092.png>
Missing character: There is no 💻 in font [lmromanslant10-regular]:mapping=tex-t
ext;!
[30] [31]
Underfull \vbox (badness 2035) has occurred while \output is active []

Missing character: There is no 💻 in font [lmromanslant10-regular]:mapping=tex-t
ext;!
[32]
File: _assets/image-20210108212524856.png Graphic file (type bmp)
<_assets/image-20210108212524856.png>
[33]
Missing character: There is no 💻 in font [lmromanslant10-regular]:mapping=tex-t
ext;!
[34]
Missing character: There is no 💻 in font [lmroman12-bold]:mapping=tex-text;!
File: _assets/sidebar1.png Graphic file (type bmp)
<_assets/sidebar1.png>

LaTeX Warning: Float too large for page by 24.06743pt on input line 630.

Missing character: There is no 💻 in font [lmroman12-bold]:mapping=tex-text;!
Missing character: There is no 💻 in font [lmroman12-bold]:mapping=tex-text;!
Missing character: There is no 💻 in font [lmroman12-bold]:mapping=tex-text;!
File: _assets/image-20210108212920731.png Graphic file (type bmp)
<_assets/image-20210108212920731.png>
File: _assets/image-20210108212929350.png Graphic file (type bmp)
<_assets/image-20210108212929350.png>
Missing character: There is no 💻 in font [lmromanslant10-regular]:mapping=tex-t
ext;!
[35]
Missing character: There is no 💻 in font [lmromanslant10-regular]:mapping=tex-t
ext;!
[36]
Missing character: There is no 💻 in font [lmroman12-bold]:mapping=tex-text;!
Missing character: There is no 💻 in font [lmromanslant10-regular]:mapping=tex-t
ext;!
[37]
Missing character: There is no 💻 in font [lmromanslant10-regular]:mapping=tex-t
ext;!
[38]
Chapter 5.
Missing character: There is no 💻 in font [lmroman12-bold]:mapping=tex-text;!
File: _assets/image-20210224131612576.png Graphic file (type bmp)
<_assets/image-20210224131612576.png>
[39

]
Missing character: There is no 💻 in font [lmroman12-bold]:mapping=tex-text;!
Missing character: There is no 💻 in font [lmroman12-bold]:mapping=tex-text;!
File: _assets/image-20210108212920731.png Graphic file (type bmp)
<_assets/image-20210108212920731.png>
Missing character: There is no 💻 in font [lmromanslant10-regular]:mapping=tex-t
ext;!
[40]
File: _assets/image-20210108212929350.png Graphic file (type bmp)
<_assets/image-20210108212929350.png>
Missing character: There is no 💻 in font [lmroman12-bold]:mapping=tex-text;!
Missing character: There is no 💻 in font [lmromanslant10-regular]:mapping=tex-t
ext;!
[41]
Missing character: There is no 💻 in font [lmromanslant10-regular]:mapping=tex-t
ext;!
[42]
Chapter 6.
[43

]
Missing character: There is no 💻 in font [lmroman12-bold]:mapping=tex-text;!
Missing character: There is no 😍 in font [lmroman10-regular]:mapping=tex-text;!
Missing character: There is no ▶ in font [lmroman10-regular]:mapping=tex-text;!
Missing character: There is no ⊕ in font [lmroman10-regular]:mapping=tex-text;!
Missing character: There is no ⊖ in font [lmroman10-regular]:mapping=tex-text;!
Missing character: There is no ◨ in font [lmroman10-regular]:mapping=tex-text;!
Missing character: There is no ◪ in font [lmroman10-regular]:mapping=tex-text;!
Missing character: There is no ♥ in font [lmroman10-regular]:mapping=tex-text;!
Missing character: There is no ↺ in font [lmroman10-regular]:mapping=tex-text;!
Missing character: There is no ֍ in font [lmroman10-regular]:mapping=tex-text;!
Missing character: There is no 😙 in font [lmroman10-regular]:mapping=tex-text;!
Missing character: There is no 😜 in font [lmroman10-regular]:mapping=tex-text;!
Missing character: There is no 😰 in font [lmroman10-regular]:mapping=tex-text;!
Missing character: There is no 🤭 in font [lmroman10-regular]:mapping=tex-text;!
Missing character: There is no 🐵 in font [lmroman10-regular]:mapping=tex-text;!
Missing character: There is no 🐕 in font [lmroman10-regular]:mapping=tex-text;!
Missing character: There is no 🐉 in font [lmroman10-regular]:mapping=tex-text;!
Missing character: There is no 🦩 in font [lmroman10-regular]:mapping=tex-text;!
Missing character: There is no 😍 in font [lmroman10-regular]:mapping=tex-text;!
Missing character: There is no 💻 in font [lmroman10-regular]:mapping=tex-text;!
[44]
Missing character: There is no ➜ in font [lmroman10-regular]:mapping=tex-text;!
[45]
Missing character: There is no ➜ in font [lmroman10-regular]:mapping=tex-text;!
Missing character: There is no ➜ in font [lmroman10-regular]:mapping=tex-text;!
[46] [47]
File: _assets/image-20210109114219605.png Graphic file (type bmp)
<_assets/image-20210109114219605.png>
File: _assets/image-20210109114200339.png Graphic file (type bmp)
<_assets/image-20210109114200339.png>
[48]
Missing character: There is no ♥ in font [lmroman10-regular]:mapping=tex-text;!

Underfull \hbox (badness 1028) in paragraph at lines 1069--1070
\TU/lmr/m/n/10 Similarly, if you wish to flag up outcomes /consequences as eith
er de-
 []

[49] [50]
File: _assets/image-20210109114244933.png Graphic file (type bmp)
<_assets/image-20210109114244933.png>
[51]
Missing character: There is no 🖥 in font [lmroman12-bold]:mapping=tex-text;!
[52]
Chapter 7.
Missing character: There is no 💻 in font [lmroman12-bold]:mapping=tex-text;!
Missing character: There is no 💻 in font [lmroman12-bold]:mapping=tex-text;!
Missing character: There is no 💻 in font [lmroman12-bold]:mapping=tex-text;!
File: _assets/image-20210115215801966.png Graphic file (type bmp)
<_assets/image-20210115215801966.png>
[53

]
File: _assets/image-20210115215816132.png Graphic file (type bmp)
<_assets/image-20210115215816132.png>
Missing character: There is no 💻 in font [lmroman12-bold]:mapping=tex-text;!
File: _assets/image-20210109110128592.png Graphic file (type bmp)
<_assets/image-20210109110128592.png>
File: _assets/image-20210109110139927.png Graphic file (type bmp)
<_assets/image-20210109110139927.png>
[54]
Missing character: There is no 💻 in font [lmroman12-bold]:mapping=tex-text;!
File: _assets/image-20210115215839425.png Graphic file (type bmp)
<_assets/image-20210115215839425.png>
File: _assets/image-20210115215902541.png Graphic file (type bmp)
<_assets/image-20210115215902541.png>
File: _assets/image-20210118175201822.png Graphic file (type bmp)
<_assets/image-20210118175201822.png>
File: _assets/image-20210118175248494.png Graphic file (type bmp)
<_assets/image-20210118175248494.png>
File: _assets/image-20210118175232502.png Graphic file (type bmp)
<_assets/image-20210118175232502.png>
Missing character: There is no 💻 in font [lmromanslant10-regular]:mapping=tex-t
ext;!
[55] [56]
Missing character: There is no 💻 in font [lmromanslant10-regular]:mapping=tex-t
ext;!
[57] [58

]
Chapter 8.
Missing character: There is no 💻 in font [lmroman12-bold]:mapping=tex-text;!
File: _assets/image-20210115220208953.png Graphic file (type bmp)
<_assets/image-20210115220208953.png>
Missing character: There is no ➜ in font [lmroman10-regular]:mapping=tex-text;!
Missing character: There is no ➜ in font [lmroman10-regular]:mapping=tex-text;!
Missing character: There is no ➜ in font [lmroman10-regular]:mapping=tex-text;!
[59] [60]
Chapter 9.
File: _assets/image-20210115220243930.png Graphic file (type bmp)
<_assets/image-20210115220243930.png>
File: _assets/women.png Graphic file (type bmp)
<_assets/women.png>
File: _assets/men.png Graphic file (type bmp)
<_assets/men.png>
[61

]
Overfull \hbox (50.50563pt too wide) has occurred while \output is active
\TU/lmr/m/n/10 62 \TU/lmr/m/sl/10 CHAPTER 9.  ANALYSIS: COMPARING MAPS BETWEEN 
PARTICULAR GROUPS
 []

[62] [63]
File: _assets/image-20210115220338421.png Graphic file (type bmp)
<_assets/image-20210115220338421.png>

Overfull \hbox (50.50563pt too wide) has occurred while \output is active
\TU/lmr/m/n/10 64 \TU/lmr/m/sl/10 CHAPTER 9.  ANALYSIS: COMPARING MAPS BETWEEN 
PARTICULAR GROUPS
 []

[64]
File: _assets/image-20210115220351694.png Graphic file (type bmp)
<_assets/image-20210115220351694.png>
Missing character: There is no 💻 in font [lmroman12-bold]:mapping=tex-text;!

Underfull \vbox (badness 10000) has occurred while \output is active []

[65]
Overfull \hbox (50.50563pt too wide) has occurred while \output is active
\TU/lmr/m/n/10 66 \TU/lmr/m/sl/10 CHAPTER 9.  ANALYSIS: COMPARING MAPS BETWEEN 
PARTICULAR GROUPS
 []

[66]
Chapter 10.
Missing character: There is no 💻 in font [lmroman12-bold]:mapping=tex-text;!
File: _assets/image-20210109110531958.png Graphic file (type bmp)
<_assets/image-20210109110531958.png>
File: _assets/image-20210109110547215.png Graphic file (type bmp)
<_assets/image-20210109110547215.png>
File: _assets/090000.png Graphic file (type bmp)
<_assets/090000.png>
[67

] [68]
File: _assets/image-20210109110557103.png Graphic file (type bmp)
<_assets/image-20210109110557103.png>
File: _assets/image-20210115220459328.png Graphic file (type bmp)
<_assets/image-20210115220459328.png>
File: _assets/image-20210115220508796.png Graphic file (type bmp)
<_assets/image-20210115220508796.png>
File: _assets/image-20210115220529839.png Graphic file (type bmp)
<_assets/image-20210115220529839.png>
Missing character: There is no 💻 in font [lmromanslant10-regular]:mapping=tex-t
ext;!
[69] [70]
Missing character: There is no 💻 in font [lmromanslant10-regular]:mapping=tex-t
ext;!
[71]
Underfull \hbox (badness 2343) in paragraph at lines 1554--1555
[]\TU/lmr/m/n/10 This ranking table provides a summary of all the different org
anisa-
 []


Underfull \hbox (badness 1454) in paragraph at lines 1554--1555
\TU/lmr/m/n/10 tions/individuals cited by respondents at the end of the questio
nnaire,
 []

[72]
Chapter 11.
Missing character: There is no 💻 in font [lmroman12-bold]:mapping=tex-text;!
[73

] [74

]
Chapter 12.
Missing character: There is no ➜ in font [lmroman10-regular]:mapping=tex-text;!
Missing character: There is no ➜ in font [lmroman10-regular]:mapping=tex-text;!
Missing character: There is no ➜ in font [lmroman10-regular]:mapping=tex-text;!
[75]
Overfull \hbox (35.46454pt too wide) has occurred while \output is active
\TU/lmr/m/n/10 76 \TU/lmr/m/sl/10 CHAPTER 12.  SIMPLIFYING CAUSAL MAPS WITH HIE
RARCHICAL CODING
 []

[76]
Missing character: There is no ➜ in font [lmroman10-regular]:mapping=tex-text;!
Missing character: There is no ➜ in font [lmroman10-regular]:mapping=tex-text;!
Missing character: There is no ➜ in font [lmroman10-regular]:mapping=tex-text;!
Missing character: There is no ➜ in font [lmroman10-regular]:mapping=tex-text;!
[77]
Missing character: There is no ➜ in font [lmroman10-regular]:mapping=tex-text;!
Missing character: There is no ➜ in font [lmroman10-regular]:mapping=tex-text;!
Missing character: There is no ➜ in font [lmroman10-regular]:mapping=tex-text;!
Missing character: There is no ➜ in font [lmroman10-regular]:mapping=tex-text;!
Missing character: There is no ➜ in font [lmroman10-regular]:mapping=tex-text;!
Missing character: There is no ➜ in font [lmroman10-regular]:mapping=tex-text;!

Overfull \hbox (35.46454pt too wide) has occurred while \output is active
\TU/lmr/m/n/10 78 \TU/lmr/m/sl/10 CHAPTER 12.  SIMPLIFYING CAUSAL MAPS WITH HIE
RARCHICAL CODING
 []

[78] [79]
Missing character: There is no 🌍 in font [lmroman10-regular]:mapping=tex-text;!
Missing character: There is no 🌍 in font [lmroman10-regular]:mapping=tex-text;!

Overfull \hbox (35.46454pt too wide) has occurred while \output is active
\TU/lmr/m/n/10 80 \TU/lmr/m/sl/10 CHAPTER 12.  SIMPLIFYING CAUSAL MAPS WITH HIE
RARCHICAL CODING
 []

[80]
Missing character: There is no 💻 in font [lmroman12-bold]:mapping=tex-text;!
Missing character: There is no 💻 in font [lmroman12-bold]:mapping=tex-text;!
Missing character: There is no 💻 in font [lmroman12-bold]:mapping=tex-text;!
File: _assets/image-20210115215958559.png Graphic file (type bmp)
<_assets/image-20210115215958559.png>
Missing character: There is no 💻 in font [lmromanslant10-regular]:mapping=tex-t
ext;!
[81]
Missing character: There is no 💻 in font [lmroman12-bold]:mapping=tex-text;!

Overfull \hbox (35.46454pt too wide) has occurred while \output is active
\TU/lmr/m/n/10 82 \TU/lmr/m/sl/10 CHAPTER 12.  SIMPLIFYING CAUSAL MAPS WITH HIE
RARCHICAL CODING
 []

[82]
Missing character: There is no 💻 in font [lmroman12-bold]:mapping=tex-text;!
File: _assets/image-20210115220039190.png Graphic file (type bmp)
<_assets/image-20210115220039190.png>
File: _assets/image-20210115220051522.png Graphic file (type bmp)
<_assets/image-20210115220051522.png>
File: _assets/image-20210115220101258.png Graphic file (type bmp)
<_assets/image-20210115220101258.png>
[83]
Overfull \hbox (35.46454pt too wide) has occurred while \output is active
\TU/lmr/m/n/10 84 \TU/lmr/m/sl/10 CHAPTER 12.  SIMPLIFYING CAUSAL MAPS WITH HIE
RARCHICAL CODING
 []

[84]
File: _assets/image-20210115220119217.png Graphic file (type bmp)
<_assets/image-20210115220119217.png>
Missing character: There is no 💻 in font [lmroman12-bold]:mapping=tex-text;!
[85]
Overfull \hbox (35.46454pt too wide) has occurred while \output is active
\TU/lmr/m/n/10 86 \TU/lmr/m/sl/10 CHAPTER 12.  SIMPLIFYING CAUSAL MAPS WITH HIE
RARCHICAL CODING
 []

[86]
Chapter 13.
Missing character: There is no 💻 in font [lmroman12-bold]:mapping=tex-text;!
File: _assets/110004.png Graphic file (type bmp)
<_assets/110004.png>
File: _assets/110000.png Graphic file (type bmp)
<_assets/110000.png>
[87

]
Missing character: There is no 💻 in font [lmromanslant10-regular]:mapping=tex-t
ext;!
[88]
File: _assets/110001.png Graphic file (type bmp)
<_assets/110001.png>

Underfull \vbox (badness 4229) has occurred while \output is active []

[89]
File: _assets/110002.png Graphic file (type bmp)
<_assets/110002.png>
Missing character: There is no 💻 in font [lmromanslant10-regular]:mapping=tex-t
ext;!
[90]
Overfull \hbox (41.99123pt too wide) has occurred while \output is active
\TU/lmr/m/sl/10 13.3.  THE UPLOAD AND FIX TAB: UPLOADING AND TWEAKING YOUR DATA
 \TU/lmr/m/n/10 91
 []

[91]
Missing character: There is no б in font [lmroman10-regular]:mapping=tex-text;!
Missing character: There is no ж in font [lmroman10-regular]:mapping=tex-text;!
Missing character: There is no 💻 in font [lmromanslant10-regular]:mapping=tex-t
ext;!
[92]
File: _assets/image-20210115220625963.png Graphic file (type bmp)
<_assets/image-20210115220625963.png>

Overfull \hbox (41.99123pt too wide) has occurred while \output is active
\TU/lmr/m/sl/10 13.3.  THE UPLOAD AND FIX TAB: UPLOADING AND TWEAKING YOUR DATA
 \TU/lmr/m/n/10 93
 []

[93]
Missing character: There is no 💻 in font [lmromanslant10-regular]:mapping=tex-t
ext;!
[94]
Underfull \vbox (badness 10000) has occurred while \output is active []


Overfull \hbox (41.99123pt too wide) has occurred while \output is active
\TU/lmr/m/sl/10 13.3.  THE UPLOAD AND FIX TAB: UPLOADING AND TWEAKING YOUR DATA
 \TU/lmr/m/n/10 95
 []

[95]
Underfull \hbox (badness 2065) in paragraph at lines 2183--2183
[]\TU/lmr/bx/n/12 Downloading Source/Respondent and Question
 []

File: _assets/image-20210115220710954.png Graphic file (type bmp)
<_assets/image-20210115220710954.png>

Underfull \vbox (badness 2818) has occurred while \output is active []

Missing character: There is no 💻 in font [lmromanslant10-regular]:mapping=tex-t
ext;!
[96]
Overfull \hbox (41.99123pt too wide) has occurred while \output is active
\TU/lmr/m/sl/10 13.3.  THE UPLOAD AND FIX TAB: UPLOADING AND TWEAKING YOUR DATA
 \TU/lmr/m/n/10 97
 []

[97]
File: _assets/image-20210115220726904.png Graphic file (type bmp)
<_assets/image-20210115220726904.png>
File: _assets/image-20210115220744955.png Graphic file (type bmp)
<_assets/image-20210115220744955.png>
Missing character: There is no 💻 in font [lmromanslant10-regular]:mapping=tex-t
ext;!
[98]
Overfull \hbox (41.99123pt too wide) has occurred while \output is active
\TU/lmr/m/sl/10 13.3.  THE UPLOAD AND FIX TAB: UPLOADING AND TWEAKING YOUR DATA
 \TU/lmr/m/n/10 99
 []

[99]
Missing character: There is no 💻 in font [lmromanslant10-regular]:mapping=tex-t
ext;!
[100]
Overfull \hbox (46.99123pt too wide) has occurred while \output is active
\TU/lmr/m/sl/10 13.3.  THE UPLOAD AND FIX TAB: UPLOADING AND TWEAKING YOUR DATA
 \TU/lmr/m/n/10 101
 []

[101]
File: _assets/image-20210115220840260.png Graphic file (type bmp)
<_assets/image-20210115220840260.png>
Missing character: There is no 💻 in font [lmromanslant10-regular]:mapping=tex-t
ext;!
[102]
Overfull \hbox (46.99123pt too wide) has occurred while \output is active
\TU/lmr/m/sl/10 13.3.  THE UPLOAD AND FIX TAB: UPLOADING AND TWEAKING YOUR DATA
 \TU/lmr/m/n/10 103
 []

[103]
File: _assets/image-20210115220821933.png Graphic file (type bmp)
<_assets/image-20210115220821933.png>
Missing character: There is no 💻 in font [lmromanslant10-regular]:mapping=tex-t
ext;!
[104]
Overfull \hbox (46.99123pt too wide) has occurred while \output is active
\TU/lmr/m/sl/10 13.3.  THE UPLOAD AND FIX TAB: UPLOADING AND TWEAKING YOUR DATA
 \TU/lmr/m/n/10 105
 []

[105]
Missing character: There is no 💻 in font [lmromanslant10-regular]:mapping=tex-t
ext;!
[106

] [107] [108]
Chapter 14.
[109

]
Overfull \hbox (277.84465pt too wide) has occurred while \output is active
\TU/lmr/m/n/10 110 \TU/lmr/m/sl/10 CHAPTER 14.  ADDING ADDITIONAL INFORMATION L
IKE STRENGTH OF A LINK IN A CAUSAL MAP: LET’S KEEP IT SIMPLE
 []

[110]
Chapter 15.
File: _assets/image-20210115220956355.png Graphic file (type bmp)
<_assets/image-20210115220956355.png>
File: _assets/image-20210115221010548.png Graphic file (type bmp)
<_assets/image-20210115221010548.png>
[111

]
File: _assets/image-20210115221256726.png Graphic file (type bmp)
<_assets/image-20210115221256726.png>
[112]
File: _assets/image-20210115221315425.png Graphic file (type bmp)
<_assets/image-20210115221315425.png>
[113]
File: _assets/image-20210115221340684.png Graphic file (type bmp)
<_assets/image-20210115221340684.png>
File: _assets/image-20210115221348354.png Graphic file (type bmp)
<_assets/image-20210115221348354.png>
[114]
File: _assets/image-20210115221401227.png Graphic file (type bmp)
<_assets/image-20210115221401227.png>
[115]
Missing character: There is no ➜ in font [lmroman10-regular]:mapping=tex-text;!
Missing character: There is no ➜ in font [lmroman10-regular]:mapping=tex-text;!
[116]
Missing character: There is no 🖥 in font [lmroman12-bold]:mapping=tex-text;!
File: _assets/121000.png Graphic file (type bmp)
<_assets/121000.png>
[117]
Missing character: There is no ● in font [lmroman10-regular]:mapping=tex-text;!
Missing character: There is no ● in font [lmroman10-regular]:mapping=tex-text;!
Missing character: There is no ➜ in font [lmroman10-regular]:mapping=tex-text;!
Missing character: There is no ➜ in font [lmroman10-regular]:mapping=tex-text;!
[118]
Chapter 16.
[119

]
Overfull \hbox (45.34454pt too wide) has occurred while \output is active
\TU/lmr/m/n/10 120 \TU/lmr/m/sl/10 CHAPTER 16.  COMPATIBLE AND INCOMPATIBLE FAC
TORS IN STORYLINES
 []

[120]
Chapter 17.
[121

] [122

]
Chapter 18.
File: _assets/qoe.png Graphic file (type bmp)
<_assets/qoe.png>
[123] [124] [125]
Missing character: There is no ➜ in font [lmroman10-regular]:mapping=tex-text;!
Missing character: There is no ➜ in font [lmroman10-regular]:mapping=tex-text;!
Missing character: There is no ➜ in font [lmroman10-regular]:mapping=tex-text;!
Missing character: There is no ➜ in font [lmroman10-regular]:mapping=tex-text;!
Missing character: There is no ➜ in font [lmroman10-regular]:mapping=tex-text;!
Missing character: There is no ➜ in font [lmroman10-regular]:mapping=tex-text;!
Missing character: There is no ➜ in font [lmroman10-regular]:mapping=tex-text;!
Missing character: There is no ➜ in font [lmroman10-regular]:mapping=tex-text;!
Missing character: There is no ➜ in font [lmroman10-regular]:mapping=tex-text;!
Missing character: There is no ➜ in font [lmroman10-regular]:mapping=tex-text;!
Missing character: There is no ➜ in font [lmroman10-regular]:mapping=tex-text;!
[126]
Missing character: There is no ➜ in font [lmroman10-regular]:mapping=tex-text;!
Missing character: There is no ➜ in font [lmroman10-regular]:mapping=tex-text;!
Missing character: There is no ➜ in font [lmroman10-regular]:mapping=tex-text;!
Missing character: There is no ➜ in font [lmroman10-regular]:mapping=tex-text;!
Missing character: There is no ➜ in font [lmroman10-regular]:mapping=tex-text;!
[127]
Missing character: There is no ➜ in font [lmroman10-regular]:mapping=tex-text;!
Missing character: There is no ➜ in font [lmroman10-regular]:mapping=tex-text;!
Missing character: There is no ➜ in font [lmroman10-regular]:mapping=tex-text;!
Missing character: There is no ➜ in font [lmroman10-regular]:mapping=tex-text;!
Missing character: There is no ➜ in font [lmroman10-regular]:mapping=tex-text;!
[128] [129] [130

]
Chapter 19.
[131] [132

] [133] [134]
Chapter 20.
[135

]
Overfull \hbox (49.30562pt too wide) has occurred while \output is active
\TU/lmr/m/n/10 136 \TU/lmr/m/sl/10 CHAPTER 20.  SPOTLIGHT: CAUSAL MAPPING AND O
UTCOME HARVESTING
 []

[136

]
Chapter 21.

Underfull \vbox (badness 10000) has occurred while \output is active []

[137]
Missing character: There is no 🖥 in font [lmroman12-bold]:mapping=tex-text;!

Overfull \hbox (58.24342pt too wide) has occurred while \output is active
\TU/lmr/m/n/10 138 \TU/lmr/m/sl/10 CHAPTER 21.  SPOTLIGHT: CONTEXT IN CAUSAL MA
PPING: HOW TO CODE IT
 []

[138]
Missing character: There is no 🖥 in font [lmromanslant10-regular]:mapping=tex-t
ext;!
[139]
Overfull \hbox (58.24342pt too wide) has occurred while \output is active
\TU/lmr/m/n/10 140 \TU/lmr/m/sl/10 CHAPTER 21.  SPOTLIGHT: CONTEXT IN CAUSAL MA
PPING: HOW TO CODE IT
 []

[140

]
Chapter 22.
[141] [142] [143] [144

]
Chapter 23.
[145]
Missing character: There is no   in font [lmroman10-regular]:mapping=tex-text;!

Overfull \hbox (118.34453pt too wide) has occurred while \output is active
\TU/lmr/m/n/10 146 \TU/lmr/m/sl/10 CHAPTER 23.  SPOTLIGHT: CASES, VARIABLES AND
 PERCENTAGES IN CAUSAL MAPPING?
 []

[146]
Chapter 24.

Overfull \hbox (8.67188pt too wide) in alignment at lines 3156--3166
 [] [] [] 
 []


Overfull \hbox (17.92857pt too wide) in paragraph at lines 3168--3169
[]\TU/lmr/m/n/10 Fixed|  
 []


Overfull \hbox (29.48859pt too wide) in paragraph at lines 3175--3176
[]\TU/lmr/m/n/10 Variable|  
 []


Overfull \hbox (8.67188pt too wide) in alignment at lines 3166--3189
 [] [] [] 
 []

[147

]
File: _assets/image-20210215085948227.png Graphic file (type bmp)
<_assets/image-20210215085948227.png>
File: _assets/image-20210215090049648.png Graphic file (type bmp)
<_assets/image-20210215090049648.png>

Overfull \hbox (258.69012pt too wide) has occurred while \output is active
\TU/lmr/m/n/10 148 \TU/lmr/m/sl/10 CHAPTER 24.  SPOTLIGHT: DIFFERENT KINDS OF Q
UESTION CHAINING, WITH QUIP AND PAREVO AS ILLUSTRATIONS
 []

[148] [149]
File: _assets/image-20210215094522576.png Graphic file (type bmp)
<_assets/image-20210215094522576.png>
File: _assets/image-20210215094737856.png Graphic file (type bmp)
<_assets/image-20210215094737856.png>

Overfull \hbox (258.69012pt too wide) has occurred while \output is active
\TU/lmr/m/n/10 150 \TU/lmr/m/sl/10 CHAPTER 24.  SPOTLIGHT: DIFFERENT KINDS OF Q
UESTION CHAINING, WITH QUIP AND PAREVO AS ILLUSTRATIONS
 []

[150] [151]
Overfull \hbox (258.69012pt too wide) has occurred while \output is active
\TU/lmr/m/n/10 152 \TU/lmr/m/sl/10 CHAPTER 24.  SPOTLIGHT: DIFFERENT KINDS OF Q
UESTION CHAINING, WITH QUIP AND PAREVO AS ILLUSTRATIONS
 []

[152

]
Chapter 25.
[153]
Overfull \hbox (40.13452pt too wide) has occurred while \output is active
\TU/lmr/m/n/10 154 \TU/lmr/m/sl/10 CHAPTER 25.  SPOTLIGHT: LEAVE THE EVALUATION
 TO THE EVALUATOR
 []

[154

]
Chapter 26.
Missing character: There is no ➜ in font [lmroman10-regular]:mapping=tex-text;!
[155]
Missing character: There is no ➜ in font [lmroman10-regular]:mapping=tex-text;!
Missing character: There is no ➜ in font [lmroman10-regular]:mapping=tex-text;!

Overfull \hbox (33.80342pt too wide) has occurred while \output is active
\TU/lmr/m/n/10 156 \TU/lmr/m/sl/10 CHAPTER 26.  SPOTLIGHT: TIME IN CAUSAL MAPPI
NG. HOW TO CODE IT
 []

[156]
Overfull \hbox (7.13452pt too wide) has occurred while \output is active
\TU/lmr/m/sl/10 26.2.  TEMPORAL INFORMATION ATTACHED TO ADDITIONAL DATA \TU/lmr
/m/n/10 157
 []

[157]
Missing character: There is no ➜ in font [lmroman10-regular]:mapping=tex-text;!
Missing character: There is no ➜ in font [lmroman10-regular]:mapping=tex-text;!
Missing character: There is no ➜ in font [lmroman10-regular]:mapping=tex-text;!
Missing character: There is no ➜ in font [lmroman10-regular]:mapping=tex-text;!

Underfull \vbox (badness 3386) has occurred while \output is active []


Overfull \hbox (33.80342pt too wide) has occurred while \output is active
\TU/lmr/m/n/10 158 \TU/lmr/m/sl/10 CHAPTER 26.  SPOTLIGHT: TIME IN CAUSAL MAPPI
NG. HOW TO CODE IT
 []

[158]
Missing character: There is no ➜ in font [lmroman10-regular]:mapping=tex-text;!
Missing character: There is no ➜ in font [lmroman10-regular]:mapping=tex-text;!
[159]
Missing character: There is no ➜ in font [lmroman10-regular]:mapping=tex-text;!
Missing character: There is no ➜ in font [lmroman10-regular]:mapping=tex-text;!

Underfull \hbox (badness 2181) in paragraph at lines 3448--3448
[]\TU/lmr/bx/n/12 But what if factor labels themselves express
 []


Overfull \hbox (33.80342pt too wide) has occurred while \output is active
\TU/lmr/m/n/10 160 \TU/lmr/m/sl/10 CHAPTER 26.  SPOTLIGHT: TIME IN CAUSAL MAPPI
NG. HOW TO CODE IT
 []

[160]
Overfull \hbox (39.73235pt too wide) has occurred while \output is active
\TU/lmr/m/sl/10 26.5.  ANALYSING AND DISPLAYING THE RESULTS OF TEMPORAL CODING 
\TU/lmr/m/n/10 161
 []

[161]
Overfull \hbox (33.80342pt too wide) has occurred while \output is active
\TU/lmr/m/n/10 162 \TU/lmr/m/sl/10 CHAPTER 26.  SPOTLIGHT: TIME IN CAUSAL MAPPI
NG. HOW TO CODE IT
 []

[162]
Chapter 27.
[163

] [164] [165] [166] [167] [168

]
Chapter 28.
Missing character: There is no 💻 in font [lmroman12-bold]:mapping=tex-text;!
File: _assets/de1f66536036d0c064f913bf0cabe84e.png Graphic file (type bmp)
<_assets/de1f66536036d0c064f913bf0cabe84e.png>

Underfull \vbox (badness 6428) has occurred while \output is active []

[169]
File: _assets/ffd477406e03440d64bb63d5ca315b93.png Graphic file (type bmp)
<_assets/ffd477406e03440d64bb63d5ca315b93.png>
Missing character: There is no 💻 in font [lmromanslant10-regular]:mapping=tex-t
ext;!

Overfull \hbox (33.84232pt too wide) has occurred while \output is active
\TU/lmr/m/n/10 170 \TU/lmr/m/sl/10 CHAPTER 28.  💻 SHOWCASE: HOW THE CAUSAL MAP 
APP HAS BEEN USED
 []

[170]
File: _assets/a5fe43e040d834d29f87af7e2dc8daa9.png Graphic file (type bmp)
<_assets/a5fe43e040d834d29f87af7e2dc8daa9.png>
Missing character: There is no 𝐵 in font [lmroman10-regular]:mapping=tex-text;!
Missing character: There is no 𝐶 in font [lmroman10-regular]:mapping=tex-text;!
Missing character: There is no 𝐵 in font [lmroman10-regular]:mapping=tex-text;!
Missing character: There is no 𝐶 in font [lmroman10-regular]:mapping=tex-text;!
Missing character: There is no 𝐵 in font [lmroman10-regular]:mapping=tex-text;!
Missing character: There is no 𝐶 in font [lmroman10-regular]:mapping=tex-text;!

Overfull \hbox (38.81233pt too wide) has occurred while \output is active
\TU/lmr/m/sl/10 28.4.  GLOBAL YOUNG ACADEMY: TRACING THE PATHS OF GYA’S IMPACT 
\TU/lmr/m/n/10 171
 []

[171]
File: _assets/f184ac06895268db126fca2e3d51ed31.png Graphic file (type bmp)
<_assets/f184ac06895268db126fca2e3d51ed31.png>

Overfull \hbox (31.70343pt too wide) in paragraph at lines 3681--3682
[][]\TU/lmr/m/n/10 Overall
 []

Missing character: There is no 💻 in font [lmromanslant10-regular]:mapping=tex-t
ext;!

Overfull \hbox (33.84232pt too wide) has occurred while \output is active
\TU/lmr/m/n/10 172 \TU/lmr/m/sl/10 CHAPTER 28.  💻 SHOWCASE: HOW THE CAUSAL MAP 
APP HAS BEEN USED
 []

[172] [173]
File: _assets/ff6196596cc415b9eec16a64ed3d02bb.png Graphic file (type bmp)
<_assets/ff6196596cc415b9eec16a64ed3d02bb.png>

Underfull \hbox (badness 10000) in paragraph at lines 3717--3719
[][]
 []

File: _assets/4a5c0401a54c9651c46474a1f85f8d9e.png Graphic file (type bmp)
<_assets/4a5c0401a54c9651c46474a1f85f8d9e.png>

Overfull \hbox (31.40047pt too wide) in paragraph at lines 3734--3735
[][]\TU/lmr/m/n/10 Coding
 []


Underfull \vbox (badness 10000) has occurred while \output is active []

Missing character: There is no 💻 in font [lmromanslant10-regular]:mapping=tex-t
ext;!

Overfull \hbox (33.84232pt too wide) has occurred while \output is active
\TU/lmr/m/n/10 174 \TU/lmr/m/sl/10 CHAPTER 28.  💻 SHOWCASE: HOW THE CAUSAL MAP 
APP HAS BEEN USED
 []

[174]
File: _assets/b08c8cb0fc79b3ef6dfe65d3e9a2493a.png Graphic file (type bmp)
<_assets/b08c8cb0fc79b3ef6dfe65d3e9a2493a.png>

Underfull \hbox (badness 10000) in paragraph at lines 3741--3744
[][]
 []

[175]
File: _assets/19e34962dab6bd291d2b0de83a90478a.png Graphic file (type bmp)
<_assets/19e34962dab6bd291d2b0de83a90478a.png>

Overfull \hbox (7.49878pt too wide) in paragraph at lines 3769--3770
[]\TU/lmr/m/n/10 A
 []

Missing character: There is no 💻 in font [lmromanslant10-regular]:mapping=tex-t
ext;!

Overfull \hbox (33.84232pt too wide) has occurred while \output is active
\TU/lmr/m/n/10 176 \TU/lmr/m/sl/10 CHAPTER 28.  💻 SHOWCASE: HOW THE CAUSAL MAP 
APP HAS BEEN USED
 []

[176] [177]
Missing character: There is no 💻 in font [lmromanslant10-regular]:mapping=tex-t
ext;!

Overfull \hbox (33.84232pt too wide) has occurred while \output is active
\TU/lmr/m/n/10 178 \TU/lmr/m/sl/10 CHAPTER 28.  💻 SHOWCASE: HOW THE CAUSAL MAP 
APP HAS BEEN USED
 []

[178

]
Chapter 29.
Missing character: There is no 💻 in font [lmroman12-bold]:mapping=tex-text;!
[179]
Missing character: There is no 💻 in font [lmromanslant10-regular]:mapping=tex-t
ext;!

Overfull \hbox (37.79562pt too wide) has occurred while \output is active
\TU/lmr/m/n/10 180 \TU/lmr/m/sl/10 CHAPTER 29.  💻 FAQS: CAUSAL MAP QUESTIONS AN
D TROUBLESHOOTING
 []

[180] [181]
Missing character: There is no 💻 in font [lmromanslant10-regular]:mapping=tex-t
ext;!

Overfull \hbox (37.79562pt too wide) has occurred while \output is active
\TU/lmr/m/n/10 182 \TU/lmr/m/sl/10 CHAPTER 29.  💻 FAQS: CAUSAL MAP QUESTIONS AN
D TROUBLESHOOTING
 []

[182]
Chapter 30.
[183

] [184

]
Chapter 31.
[185] [186]
Underfull \hbox (badness 2318) in paragraph at lines 3994--3995
[]\TU/lmr/m/n/10 Jackson, K. M., & Trochim, W. M. K. (2002). Concept Mapping
 []


Underfull \hbox (badness 3428) in paragraph at lines 3994--3995
\TU/lmr/m/n/10 as an Alternative Approach for the Analysis of Open-Ended Survey

 []


Underfull \hbox (badness 2237) in paragraph at lines 3994--3995
\TU/lmr/m/n/10 Responses. \TU/lmr/m/it/10 Organizational Research Methods\TU/lm
r/m/n/10 , \TU/lmr/m/it/10 5\TU/lmr/m/n/10 (4), 307–336. []$[][][][][] []
 []


Overfull \hbox (17.01454pt too wide) has occurred while \output is active
\TU/lmr/m/sl/10 31.6.  BIBLIOGRAPHY OF SELECTED CAUSAL MAPPING APPROACHES \TU/l
mr/m/n/10 187
 []

[187]
Underfull \hbox (badness 1331) in paragraph at lines 4020--4021
[]\TU/lmr/m/n/10 Sterman, J. (2001). System dynamics modeling. \TU/lmr/m/it/10 
California Manage-
 []


Underfull \hbox (badness 10000) in paragraph at lines 4020--4021
\TU/lmr/m/it/10 ment Review\TU/lmr/m/n/10 . []$[][][][] [] [] [] [][][][][][][]
[][][][][] [] [][][][][][][][][][][] [] [][][] [] [][][][] [] [][][] [] [][][][
] [] [][] []
 []


Underfull \hbox (badness 10000) in paragraph at lines 4020--4021
[][][][] [] [][][][][][][][][][][][][][] [] [][][] [] [][][][][][][][][][][] []
 [][][][] [] [][][][][][][] [] [][][][][][] [] [][][][][][][][] []
 []

(./Guide-to-causal-mapping.bbl [188])

Package natbib Warning: There were undefined citations.

[189

] (./Guide-to-causal-mapping.aux)
Package rerunfilecheck Info: File `Guide-to-causal-mapping.out' has not changed
.
(rerunfilecheck)             Checksum: 9B23C3918D02788A0306522ACDA7C288;32517.
 ) 
Here is how much of TeX's memory you used:
 17091 strings out of 479212
 312444 string characters out of 5873273
 792309 words of memory out of 5000000
 36377 multiletter control sequences out of 15000+600000
 407425 words of font info for 71 fonts, out of 8000000 for 9000
 14 hyphenation exceptions out of 8191
 98i,6n,122p,2055b,444s stack positions out of 5000i,500n,10000p,200000b,80000s

Output written on Guide-to-causal-mapping.pdf (189 pages).
